0 info it worked if it ends with ok
1 verbose cli [ 'node', '/usr/bin/npm', 'publish' ]
2 info using npm@2.1.5
3 info using node@v0.10.32
4 verbose publish [ '.' ]
5 silly cache add args [ '.', null ]
6 verbose cache add spec .
7 silly cache add parsed spec { raw: '.',
7 silly cache add   scope: null,
7 silly cache add   name: null,
7 silly cache add   rawSpec: '.',
7 silly cache add   spec: '/home/bangbang93/nodejs/sourceCount',
7 silly cache add   type: 'directory' }
8 verbose tar pack [ '/home/bangbang93/.npm/sourceCount/0.0.1/package.tgz',
8 verbose tar pack   '/home/bangbang93/nodejs/sourceCount' ]
9 verbose tarball /home/bangbang93/.npm/sourceCount/0.0.1/package.tgz
10 verbose folder /home/bangbang93/nodejs/sourceCount
11 info prepublish sourceCount@0.0.1
12 verbose addLocalTarball adding from inside cache /home/bangbang93/.npm/sourceCount/0.0.1/package.tgz
13 silly cache afterAdd sourceCount@0.0.1
14 verbose afterAdd /home/bangbang93/.npm/sourceCount/0.0.1/package/package.json not in flight; writing
15 verbose afterAdd /home/bangbang93/.npm/sourceCount/0.0.1/package/package.json written
16 silly publish { name: 'sourceCount',
16 silly publish   version: '0.0.1',
16 silly publish   description: 'Count Source',
16 silly publish   main: 'index.js',
16 silly publish   scripts: { test: 'echo "Error: no test specified" && exit 1' },
16 silly publish   repository:
16 silly publish    { type: 'git',
16 silly publish      url: 'https://github.com/bangbang93/sourceCount' },
16 silly publish   keywords: [ 'source', 'count' ],
16 silly publish   author: { name: 'bangbang93' },
16 silly publish   license: 'WTFPL',
16 silly publish   bugs: { url: 'https://github.com/bangbang93/sourceCount/issues' },
16 silly publish   homepage: 'https://github.com/bangbang93/sourceCount',
16 silly publish   readme: 'ERROR: No README data found!',
16 silly publish   _id: 'sourceCount@0.0.1',
16 silly publish   _shasum: '4909bbf181ff050a27b3e9526c55d865afecbdb0',
16 silly publish   _from: '.' }
17 verbose mapToRegistry name sourceCount
18 verbose mapToRegistry uri https://registry.npmjs.org/sourceCount
19 verbose publish registryBase https://registry.npmjs.org/
20 verbose stack Error: Invalid name: "sourceCount"
20 verbose stack     at ensureValidName (/usr/lib/node_modules/npm/node_modules/normalize-package-data/lib/fixer.js:322:15)
20 verbose stack     at module.exports.fixNameField (/usr/lib/node_modules/npm/node_modules/normalize-package-data/lib/fixer.js:211:5)
20 verbose stack     at RegClient.publish (/usr/lib/node_modules/npm/node_modules/npm-registry-client/lib/publish.js:23:5)
20 verbose stack     at /usr/lib/node_modules/npm/lib/publish.js:116:14
20 verbose stack     at mapToRegistry (/usr/lib/node_modules/npm/lib/utils/map-to-registry.js:53:3)
20 verbose stack     at publish_ (/usr/lib/node_modules/npm/lib/publish.js:104:3)
20 verbose stack     at Array.1 (/usr/lib/node_modules/npm/node_modules/slide/lib/bind-actor.js:15:8)
20 verbose stack     at LOOP (/usr/lib/node_modules/npm/node_modules/slide/lib/chain.js:15:14)
20 verbose stack     at LOOP (/usr/lib/node_modules/npm/node_modules/slide/lib/chain.js:14:28)
20 verbose stack     at chain (/usr/lib/node_modules/npm/node_modules/slide/lib/chain.js:20:5)
21 verbose cwd /home/bangbang93/nodejs/sourceCount
22 error Linux 3.14.22-100.fc19.x86_64
23 error argv "node" "/usr/bin/npm" "publish"
24 error node v0.10.32
25 error npm  v2.1.5
26 error Invalid name: "sourceCount"
27 error If you need help, you may report this error at:
27 error     <http://github.com/npm/npm/issues>
28 verbose exit [ 1, true ]
